Using pre-set license
Built from '2021.1/staging' branch; Version is '2021.1.17f1 (03b40fe07a36) revision 242703'; Using compiler version '192528614'; Build Type 'Release'
OS: 'Windows 10 Home Single Language; OS build 19042.1237; Version 2009; 64bit' Language: 'es' Physical Memory: 8104 MB
BatchMode: 1, IsHumanControllingUs: 0, StartBugReporterOnCrash: 0, Is64bit: 1, IsPro: 0

 COMMAND LINE ARGUMENTS:
C:\Program Files\Unity 2021.1.17f1\Editor\Unity.exe
-adb2
-batchMode
-noUpm
-name
AssetImportWorker0
-projectPath
C:/Users/LENOVO/Desktop/Trabajos ciclo/Final Dise単o de Escenarios/Juego Tuik
-logFile
Logs/AssetImportWorker0.log
-srvPort
56743
Successfully changed project path to: C:/Users/LENOVO/Desktop/Trabajos ciclo/Final Dise単o de Escenarios/Juego Tuik
C:/Users/LENOVO/Desktop/Trabajos ciclo/Final Dise単o de Escenarios/Juego Tuik
Using Asset Import Pipeline V2.
Refreshing native plugins compatible for Editor in 179.07 ms, found 3 plugins.
Preloading 0 native plugins for Editor in 0.00 ms.
Initialize engine version: 2021.1.17f1 (03b40fe07a36)
[Subsystems] Discovering subsystems at path C:/Program Files/Unity 2021.1.17f1/Editor/Data/Resources/UnitySubsystems
[Subsystems] Discovering subsystems at path C:/Users/LENOVO/Desktop/Trabajos ciclo/Final Dise単o de Escenarios/Juego Tuik/Assets
GfxDevice: creating device client; threaded=0; jobified=0
Direct3D:
    Version:  Direct3D 11.0 [level 11.1]
    Renderer: Intel(R) HD Graphics 5500 (ID=0x1616)
    Vendor:   Intel
    VRAM:     4052 MB
    Driver:   20.19.15.4642
Initialize mono
Mono path[0] = 'C:/Program Files/Unity 2021.1.17f1/Editor/Data/Managed'
Mono path[1] = 'C:/Program Files/Unity 2021.1.17f1/Editor/Data/MonoBleedingEdge/lib/mono/unityjit'
Mono config path = 'C:/Program Files/Unity 2021.1.17f1/Editor/Data/MonoBleedingEdge/etc'
Using monoOptions --debugger-agent=transport=dt_socket,embedding=1,server=y,suspend=n,address=127.0.0.1:56008
Begin MonoManager ReloadAssembly
Registering precompiled unity dll's ...
Register platform support module: C:/Program Files/Unity 2021.1.17f1/Editor/Data/PlaybackEngines/WindowsStandaloneSupport/UnityEditor.WindowsStandalone.Extensions.dll
Registered in 0.009943 seconds.
Native extension for WindowsStandalone target not found
Refreshing native plugins compatible for Editor in 183.18 ms, found 3 plugins.
Preloading 0 native plugins for Editor in 0.00 ms.
Mono: successfully reloaded assembly
- Completed reload, in  3.966 seconds
Domain Reload Profiling:
	ReloadAssembly (3967ms)
		BeginReloadAssembly (216ms)
			ExecutionOrderSort (0ms)
			DisableScriptedObjects (0ms)
			BackupInstance (0ms)
			ReleaseScriptingObjects (0ms)
			CreateAndSetChildDomain (1ms)
		EndReloadAssembly (1302ms)
			LoadAssemblies (209ms)
			RebuildTransferFunctionScriptingTraits (0ms)
			SetupTypeCache (551ms)
			ReleaseScriptCaches (0ms)
			RebuildScriptCaches (94ms)
			SetupLoadedEditorAssemblies (487ms)
				LogAssemblyErrors (0ms)
				InitializePlatformSupportModulesInManaged (23ms)
				SetLoadedEditorAssemblies (1ms)
				RefreshPlugins (183ms)
				BeforeProcessingInitializeOnLoad (3ms)
				ProcessInitializeOnLoadAttributes (216ms)
				ProcessInitializeOnLoadMethodAttributes (62ms)
				AfterProcessingInitializeOnLoad (0ms)
				EditorAssembliesLoaded (0ms)
			ExecutionOrderSort2 (0ms)
			AwakeInstancesAfterBackupRestoration (0ms)
Platform modules already initialized, skipping
Registering precompiled user dll's ...
Registered in 0.021601 seconds.
Begin MonoManager ReloadAssembly
Native extension for WindowsStandalone target not found
Refreshing native plugins compatible for Editor in 136.83 ms, found 3 plugins.
Preloading 0 native plugins for Editor in 0.00 ms.
Mono: successfully reloaded assembly
- Completed reload, in  4.879 seconds
Domain Reload Profiling:
	ReloadAssembly (4880ms)
		BeginReloadAssembly (404ms)
			ExecutionOrderSort (0ms)
			DisableScriptedObjects (9ms)
			BackupInstance (0ms)
			ReleaseScriptingObjects (0ms)
			CreateAndSetChildDomain (34ms)
		EndReloadAssembly (4280ms)
			LoadAssemblies (356ms)
			RebuildTransferFunctionScriptingTraits (0ms)
			SetupTypeCache (805ms)
			ReleaseScriptCaches (1ms)
			RebuildScriptCaches (137ms)
			SetupLoadedEditorAssemblies (2698ms)
				LogAssemblyErrors (0ms)
				InitializePlatformSupportModulesInManaged (17ms)
				SetLoadedEditorAssemblies (0ms)
				RefreshPlugins (137ms)
				BeforeProcessingInitializeOnLoad (216ms)
				ProcessInitializeOnLoadAttributes (1947ms)
				ProcessInitializeOnLoadMethodAttributes (349ms)
				AfterProcessingInitializeOnLoad (32ms)
				EditorAssembliesLoaded (0ms)
			ExecutionOrderSort2 (0ms)
			AwakeInstancesAfterBackupRestoration (13ms)
Platform modules already initialized, skipping
========================================================================
Worker process is ready to serve import requests
Launched and connected shader compiler UnityShaderCompiler.exe after 0.77 seconds
Refreshing native plugins compatible for Editor in 2.12 ms, found 3 plugins.
Preloading 0 native plugins for Editor in 0.00 ms.
Unloading 2614 Unused Serialized files (Serialized files now loaded: 0)
System memory in use before: 109.9 MB.
System memory in use after: 110.0 MB.

Unloading 66 unused Assets to reduce memory usage. Loaded Objects now: 3032.
Total: 14.605500 ms (FindLiveObjects: 0.296200 ms CreateObjectMapping: 0.173400 ms MarkObjects: 13.933200 ms  DeleteObjects: 0.199500 ms)

AssetImportParameters requested are different than current active one (requested -> active):
  custom:framework-win-MediaFoundation: 216162199b28c13a410421893ffa2e32 -> 
  custom:video-decoder-ogg-theora: a1e56fd34408186e4bbccfd4996cb3dc -> 
  custom:container-muxer-webm: aa71ff27fc2769a1b78a27578f13a17b -> 
  custom:container-demuxer-webm: 4f35f7cbe854078d1ac9338744f61a02 -> 
  custom:container-demuxer-ogg: 62fdf1f143b41e24485cea50d1cbac27 -> 
  custom:video-encoder-webm-vp8: eb34c28f22e8b96e1ab97ce403110664 -> 
  custom:video-codec-MediaFoundation-h265: 746d11721c4dcdbdad8f713fa42b33f4 -> 
  custom:video-decoder-webm-vp8: 9c59270c3fd7afecdb556c50c9e8de78 -> 
  custom:audio-decoder-ogg-vorbis: bf7c407c2cedff20999df2af8eb42d56 -> 
  custom:audio-encoder-webm-vorbis: bf7c407c2cedff20999df2af8eb42d56 -> 
========================================================================
Received Import Request.
  path: Assets/prefabs/base.prefab
  artifactKey: Guid(cea95dbc05d463348a31ccf91d4f3d72) Importer(815301076,1909f56bfc062723c751e8b465ee728b)
Start importing Assets/prefabs/base.prefab using Guid(cea95dbc05d463348a31ccf91d4f3d72) Importer(815301076,1909f56bfc062723c751e8b465ee728b)  -> (artifact id: 'ff3ff066170d415f3134199d64664267') in 0.610449 seconds 
========================================================================
Received Import Request.
  Time since last request: 18.158196 seconds.
  path: Assets/sprite/personaje principal.png
  artifactKey: Guid(936f14b92102bc945ab4066fe1951672) Importer(815301076,1909f56bfc062723c751e8b465ee728b)
Start importing Assets/sprite/personaje principal.png using Guid(936f14b92102bc945ab4066fe1951672) Importer(815301076,1909f56bfc062723c751e8b465ee728b)  -> (artifact id: '23800262ccf096b5afa51fa1c326859c') in 0.337707 seconds 
========================================================================
Received Import Request.
  Time since last request: 2503.332048 seconds.
  path: Assets/sprite/personaje principal.png
  artifactKey: Guid(936f14b92102bc945ab4066fe1951672) Importer(815301076,1909f56bfc062723c751e8b465ee728b)
Start importing Assets/sprite/personaje principal.png using Guid(936f14b92102bc945ab4066fe1951672) Importer(815301076,1909f56bfc062723c751e8b465ee728b)  -> (artifact id: '36949195081456a7cc60f5b3c3d6e145') in 0.063738 seconds 
========================================================================
Received Import Request.
  Time since last request: 202.071804 seconds.
  path: Assets/sprite/personaje principal.png
  artifactKey: Guid(936f14b92102bc945ab4066fe1951672) Importer(815301076,1909f56bfc062723c751e8b465ee728b)
Start importing Assets/sprite/personaje principal.png using Guid(936f14b92102bc945ab4066fe1951672) Importer(815301076,1909f56bfc062723c751e8b465ee728b)  -> (artifact id: 'a6daf10f7c560868712b5bc5c1faabe0') in 0.073413 seconds 
========================================================================
Received Import Request.
  Time since last request: 11.874247 seconds.
  path: Assets/prefabs/personaje principal.prefab
  artifactKey: Guid(b07c535e4300bd248841dd292dd60886) Importer(815301076,1909f56bfc062723c751e8b465ee728b)
Start importing Assets/prefabs/personaje principal.prefab using Guid(b07c535e4300bd248841dd292dd60886) Importer(815301076,1909f56bfc062723c751e8b465ee728b)  -> (artifact id: 'db2ac1dd5d61c95713b01cd243bcdfd9') in 0.042608 seconds 
========================================================================
Received Import Request.
  Time since last request: 592.270171 seconds.
  path: Assets/sprite/personaje principal.png
  artifactKey: Guid(936f14b92102bc945ab4066fe1951672) Importer(815301076,1909f56bfc062723c751e8b465ee728b)
Start importing Assets/sprite/personaje principal.png using Guid(936f14b92102bc945ab4066fe1951672) Importer(815301076,1909f56bfc062723c751e8b465ee728b)  -> (artifact id: 'bb78158305ef03fbc85e1fdc960011ff') in 0.058213 seconds 
========================================================================
Received Prepare
Registering precompiled user dll's ...
Registered in 0.026004 seconds.
Begin MonoManager ReloadAssembly
Native extension for WindowsStandalone target not found
Refreshing native plugins compatible for Editor in 5.34 ms, found 3 plugins.
Preloading 0 native plugins for Editor in 0.00 ms.
Mono: successfully reloaded assembly
- Completed reload, in 12.071 seconds
Domain Reload Profiling:
	ReloadAssembly (12074ms)
		BeginReloadAssembly (1819ms)
			ExecutionOrderSort (0ms)
			DisableScriptedObjects (160ms)
			BackupInstance (0ms)
			ReleaseScriptingObjects (1ms)
			CreateAndSetChildDomain (861ms)
		EndReloadAssembly (9639ms)
			LoadAssemblies (1075ms)
			RebuildTransferFunctionScriptingTraits (0ms)
			SetupTypeCache (2544ms)
			ReleaseScriptCaches (6ms)
			RebuildScriptCaches (391ms)
			SetupLoadedEditorAssemblies (4866ms)
				LogAssemblyErrors (0ms)
				InitializePlatformSupportModulesInManaged (45ms)
				SetLoadedEditorAssemblies (3ms)
				RefreshPlugins (6ms)
				BeforeProcessingInitializeOnLoad (644ms)
				ProcessInitializeOnLoadAttributes (3282ms)
				ProcessInitializeOnLoadMethodAttributes (785ms)
				AfterProcessingInitializeOnLoad (99ms)
				EditorAssembliesLoaded (1ms)
			ExecutionOrderSort2 (0ms)
			AwakeInstancesAfterBackupRestoration (135ms)
Platform modules already initialized, skipping
Refreshing native plugins compatible for Editor in 7.71 ms, found 3 plugins.
Preloading 0 native plugins for Editor in 0.00 ms.
Unloading 2607 Unused Serialized files (Serialized files now loaded: 0)
System memory in use before: 118.8 MB.
System memory in use after: 119.0 MB.

Unloading 54 unused Assets to reduce memory usage. Loaded Objects now: 3102.
Total: 48.385600 ms (FindLiveObjects: 2.447500 ms CreateObjectMapping: 1.524400 ms MarkObjects: 43.818600 ms  DeleteObjects: 0.582100 ms)

AssetImportParameters requested are different than current active one (requested -> active):
  custom:framework-win-MediaFoundation: 216162199b28c13a410421893ffa2e32 -> 
  custom:video-decoder-ogg-theora: a1e56fd34408186e4bbccfd4996cb3dc -> 
  custom:container-muxer-webm: aa71ff27fc2769a1b78a27578f13a17b -> 
  custom:container-demuxer-webm: 4f35f7cbe854078d1ac9338744f61a02 -> 
  custom:container-demuxer-ogg: 62fdf1f143b41e24485cea50d1cbac27 -> 
  custom:video-encoder-webm-vp8: eb34c28f22e8b96e1ab97ce403110664 -> 
  custom:video-codec-MediaFoundation-h265: 746d11721c4dcdbdad8f713fa42b33f4 -> 
  custom:video-decoder-webm-vp8: 9c59270c3fd7afecdb556c50c9e8de78 -> 
  custom:audio-decoder-ogg-vorbis: bf7c407c2cedff20999df2af8eb42d56 -> 
  custom:audio-encoder-webm-vorbis: bf7c407c2cedff20999df2af8eb42d56 -> 
========================================================================
Received Prepare
Registering precompiled user dll's ...
Registered in 0.032185 seconds.
Begin MonoManager ReloadAssembly
Native extension for WindowsStandalone target not found
Refreshing native plugins compatible for Editor in 3.03 ms, found 3 plugins.
Preloading 0 native plugins for Editor in 0.00 ms.
Mono: successfully reloaded assembly
- Completed reload, in  2.788 seconds
Domain Reload Profiling:
	ReloadAssembly (2789ms)
		BeginReloadAssembly (311ms)
			ExecutionOrderSort (0ms)
			DisableScriptedObjects (14ms)
			BackupInstance (0ms)
			ReleaseScriptingObjects (0ms)
			CreateAndSetChildDomain (80ms)
		EndReloadAssembly (2328ms)
			LoadAssemblies (265ms)
			RebuildTransferFunctionScriptingTraits (0ms)
			SetupTypeCache (625ms)
			ReleaseScriptCaches (2ms)
			RebuildScriptCaches (92ms)
			SetupLoadedEditorAssemblies (1123ms)
				LogAssemblyErrors (0ms)
				InitializePlatformSupportModulesInManaged (18ms)
				SetLoadedEditorAssemblies (2ms)
				RefreshPlugins (3ms)
				BeforeProcessingInitializeOnLoad (200ms)
				ProcessInitializeOnLoadAttributes (757ms)
				ProcessInitializeOnLoadMethodAttributes (118ms)
				AfterProcessingInitializeOnLoad (25ms)
				EditorAssembliesLoaded (0ms)
			ExecutionOrderSort2 (0ms)
			AwakeInstancesAfterBackupRestoration (29ms)
Platform modules already initialized, skipping
Refreshing native plugins compatible for Editor in 2.60 ms, found 3 plugins.
Preloading 0 native plugins for Editor in 0.00 ms.
Unloading 2606 Unused Serialized files (Serialized files now loaded: 0)
System memory in use before: 118.8 MB.
System memory in use after: 119.0 MB.

Unloading 54 unused Assets to reduce memory usage. Loaded Objects now: 3106.
Total: 12.287400 ms (FindLiveObjects: 0.288500 ms CreateObjectMapping: 0.167200 ms MarkObjects: 11.700700 ms  DeleteObjects: 0.128600 ms)

AssetImportParameters requested are different than current active one (requested -> active):
  custom:framework-win-MediaFoundation: 216162199b28c13a410421893ffa2e32 -> 
  custom:video-decoder-ogg-theora: a1e56fd34408186e4bbccfd4996cb3dc -> 
  custom:container-muxer-webm: aa71ff27fc2769a1b78a27578f13a17b -> 
  custom:container-demuxer-webm: 4f35f7cbe854078d1ac9338744f61a02 -> 
  custom:container-demuxer-ogg: 62fdf1f143b41e24485cea50d1cbac27 -> 
  custom:video-encoder-webm-vp8: eb34c28f22e8b96e1ab97ce403110664 -> 
  custom:video-codec-MediaFoundation-h265: 746d11721c4dcdbdad8f713fa42b33f4 -> 
  custom:video-decoder-webm-vp8: 9c59270c3fd7afecdb556c50c9e8de78 -> 
  custom:audio-decoder-ogg-vorbis: bf7c407c2cedff20999df2af8eb42d56 -> 
  custom:audio-encoder-webm-vorbis: bf7c407c2cedff20999df2af8eb42d56 -> 
AssetImportWorkerClient::OnTransportError - code=2 error=End of file
